<?xml version="1.0" encoding="UTF-8"?>
<!-- Generated by org.testng.reporters.JUnitXMLReporter -->
<testsuite ignored="0" hostname="Buis-MacBook-Pro.local" failures="0" tests="5" name="Surefire test" time="0.042" errors="0" timestamp="11 Sep 2019 00:28:37 GMT">
  <testcase classname="TestMavenProject.AppiumTest" name="Android" time="0.005"/>
  <testcase classname="TestMavenProject.AppiumTest" name="IOS" time="0.0"/>
  <testcase classname="TestMavenProject.APITest" name="TestAPI" time="0.0"/>
  <testcase classname="TestMavenProject.SeleniumTest" name="FlightBooking" time="0.002"/>
  <testcase classname="TestMavenProject.SeleniumTest" name="WebBrowser" time="0.001"/>
</testsuite> <!-- Surefire test -->
