<?xml version="1.0" encoding="UTF-8"?>
<testsuite xmlns:xsi="http://www.w3.org/2001/XMLSchema-instance" xsi:noNamespaceSchemaLocation="https://maven.apache.org/surefire/maven-surefire-plugin/xsd/surefire-test-report-3.0.xsd" version="3.0" name="TestSuite" time="5.306" tests="5" errors="0" skipped="0" failures="0">
  <properties>
[...]
</properties>
  <testcase name="Android" classname="TestMavenProject.AppiumTest" time="0.006"/>
  <testcase name="IOS" classname="TestMavenProject.AppiumTest" time="0"/>
  <testcase name="TestAPI" classname="TestMavenProject.APITest" time="0"/>
  <testcase name="FlightBooking" classname="TestMavenProject.SeleniumTest" time="0.001"/>
  <testcase name="WebBrowser" classname="TestMavenProject.SeleniumTest" time="0.001"/>
</testsuite>