<?xml version="1.0" encoding="UTF-8"?>
<testng-results ignored="0" total="5" passed="5" failed="0" skipped="0">
  <reporter-output>
  </reporter-output>
  <suite started-at="2019-09-11T00:28:31Z" name="Surefire suite" finished-at="2019-09-11T00:28:32Z" duration-ms="42">
    <groups>
    </groups>
    <test started-at="2019-09-11T00:28:31Z" name="Surefire test" finished-at="2019-09-11T00:28:32Z" duration-ms="42">
      <class name="TestMavenProject.AppiumTest">
        <test-method signature="Android()[pri:0, instance:TestMavenProject.AppiumTest@1a3869f4]" started-at="2019-09-11T00:28:31Z" name="Android" finished-at="2019-09-11T00:28:31Z" duration-ms="5" status="PASS">
          <reporter-output>
          </reporter-output>
        </test-method> <!-- Android -->
        <test-method signature="IOS()[pri:0, instance:TestMavenProject.AppiumTest@1a3869f4]" started-at="2019-09-11T00:28:31Z" name="IOS" finished-at="2019-09-11T00:28:31Z" duration-ms="0" status="PASS">
          <reporter-output>
          </reporter-output>
        </test-method> <!-- IOS -->
      </class> <!-- TestMavenProject.AppiumTest -->
      <class name="TestMavenProject.APITest">
        <test-method signature="TestAPI()[pri:0, instance:TestMavenProject.APITest@a38d7a3]" started-at="2019-09-11T00:28:31Z" name="TestAPI" finished-at="2019-09-11T00:28:31Z" duration-ms="0" status="PASS">
          <reporter-output>
          </reporter-output>
        </test-method> <!-- TestAPI -->
      </class> <!-- TestMavenProject.APITest -->
      <class name="TestMavenProject.SeleniumTest">
        <test-method signature="FlightBooking()[pri:0, instance:TestMavenProject.SeleniumTest@77f99a05]" started-at="2019-09-11T00:28:31Z" name="FlightBooking" finished-at="2019-09-11T00:28:31Z" duration-ms="2" status="PASS">
          <reporter-output>
          </reporter-output>
        </test-method> <!-- FlightBooking -->
        <test-method signature="WebBrowser()[pri:0, instance:TestMavenProject.SeleniumTest@77f99a05]" started-at="2019-09-11T00:28:32Z" name="WebBrowser" finished-at="2019-09-11T00:28:32Z" duration-ms="1" status="PASS">
          <reporter-output>
          </reporter-output>
        </test-method> <!-- WebBrowser -->
      </class> <!-- TestMavenProject.SeleniumTest -->
    </test> <!-- Surefire test -->
  </suite> <!-- Surefire suite -->
</testng-results>
